<?xml version="1.0" encoding="UTF-8"?>
<testsuite name="test2Test" tests="1" skipped="0" failures="0" errors="0" timestamp="2023-03-20T13:38:42" hostname="DESKTOP-00K7GQT" time="0.037">
  <properties/>
  <testcase name="mainusntrue()" classname="test2Test" time="0.037"/>
  <system-out><![CDATA[Р’РІРµРґРёС‚Рµ РіРѕРґ РІ РІ С„РѕСЂРјР°С‚Рµ 'yyyy'
Р’ РіРѕРґСѓ 365 РґРЅРµР№
]]></system-out>
  <system-err><![CDATA[]]></system-err>
</testsuite>
