<?xml version="1.0" encoding="UTF-8"?>
<testsuite name="mainTest" tests="1" skipped="0" failures="0" errors="0" timestamp="2023-03-20T18:39:58" hostname="DESKTOP-00K7GQT" time="0.013">
  <properties/>
  <testcase name="slottrue()" classname="mainTest" time="0.013"/>
  <system-out><![CDATA[]]></system-out>
  <system-err><![CDATA[]]></system-err>
</testsuite>
