<?xml version="1.0" encoding="UTF-8"?>
<testsuite name="UserTest" tests="1" skipped="0" failures="0" errors="0" timestamp="2023-03-16T11:37:22" hostname="DESKTOP-00K7GQT" time="0.027">
  <properties/>
  <testcase name="testToStringTrue()" classname="UserTest" time="0.027"/>
  <system-out><![CDATA[]]></system-out>
  <system-err><![CDATA[]]></system-err>
</testsuite>
